[anno_types_error] 2024-11-17T13:32:12.138129 Plugin anno_types_error threw while analyzing C:\flutterprojects\danno_script\danno_script\lib\main.dart:
[anno_types_error] 2024-11-17T13:32:12.138129 Bad state: No element
[anno_types_error] 2024-11-17T13:32:12.138129 #0      List.first (dart:core-patch/growable_array.dart:344:5)
[anno_types_error] 2024-11-17T13:32:12.138129 #1      DannoScriptLintsDiscoveryLab.run.<anonymous closure> (package:danno_script_lints/lint_rules/danno_script_lints_discovery_lab.dart:4128:55)
[anno_types_error] 2024-11-17T13:32:12.138129 #2      _rootRunUnary (dart:async/zone.dart:1415:13)
[anno_types_error] 2024-11-17T13:32:12.138129 #3      _CustomZone.runUnary (dart:async/zone.dart:1308:19)
[anno_types_error] 2024-11-17T13:32:12.138129 #4      LinterVisitor._runSubscriptions (package:custom_lint_core/src/node_lint_visitor.g.dart:29:27)
[anno_types_error] 2024-11-17T13:32:12.138129 #5      LinterVisitor.visitMethodDeclaration (package:custom_lint_core/src/node_lint_visitor.g.dart:753:5)
[anno_types_error] 2024-11-17T13:32:12.138129 #6      MethodDeclarationImpl.accept (package:analyzer/src/dart/ast/ast.dart:11689:50)
[anno_types_error] 2024-11-17T13:32:12.138129 #7      NodeListImpl.accept (package:analyzer/src/dart/ast/ast.dart:12587:20)
[anno_types_error] 2024-11-17T13:32:12.138129 #8      ClassDeclarationImpl.visitChildren (package:analyzer/src/dart/ast/ast.dart:2954:13)
[anno_types_error] 2024-11-17T13:32:12.138129 #9      GeneralizingAstVisitor.visitNode (package:analyzer/dart/ast/visitor.dart:552:10)
[anno_types_error] 2024-11-17T13:32:12.138129 #10     LinterVisitor.visitNode (package:custom_lint_core/src/node_lint_visitor.g.dart:814:11)
[anno_types_error] 2024-11-17T13:32:12.138129 #11     GeneralizingAstVisitor.visitAnnotatedNode (package:analyzer/dart/ast/visitor.dart:137:48)
[anno_types_error] 2024-11-17T13:32:12.138129 #12     LinterVisitor.visitAnnotatedNode (package:custom_lint_core/src/node_lint_visitor.g.dart:46:11)
[anno_types_error] 2024-11-17T13:32:12.138129 #13     GeneralizingAstVisitor.visitDeclaration (package:analyzer/dart/ast/visitor.dart:268:44)
[anno_types_error] 2024-11-17T13:32:12.138129 #14     LinterVisitor.visitDeclaration (package:custom_lint_core/src/node_lint_visitor.g.dart:298:11)
[anno_types_error] 2024-11-17T13:32:12.138129 #15     GeneralizingAstVisitor.visitCompilationUnitMember (package:analyzer/dart/ast/visitor.dart:230:7)
[anno_types_error] 2024-11-17T13:32:12.138129 #16     LinterVisitor.visitCompilationUnitMember (package:custom_lint_core/src/node_lint_visitor.g.dart:226:11)
[anno_types_error] 2024-11-17T13:32:12.138129 #17     GeneralizingAstVisitor.visitNamedCompilationUnitMember (package:analyzer/dart/ast/visitor.dart:533:7)
[anno_types_error] 2024-11-17T13:32:12.138129 #18     LinterVisitor.visitNamedCompilationUnitMember (package:custom_lint_core/src/node_lint_visitor.g.dart:778:11)
[anno_types_error] 2024-11-17T13:32:12.138129 #19     GeneralizingAstVisitor.visitClassDeclaration (package:analyzer/dart/ast/visitor.dart:209:7)
[anno_types_error] 2024-11-17T13:32:12.138129 #20     LinterVisitor.visitClassDeclaration (package:custom_lint_core/src/node_lint_visitor.g.dart:178:11)
[anno_types_error] 2024-11-17T13:32:12.138129 #21     ClassDeclarationImpl.accept (package:analyzer/src/dart/ast/ast.dart:2944:50)
[anno_types_error] 2024-11-17T13:32:12.138129 #22     NodeListImpl.accept (package:analyzer/src/dart/ast/ast.dart:12587:20)
[anno_types_error] 2024-11-17T13:32:12.138129 #23     CompilationUnitImpl.visitChildren (package:analyzer/src/dart/ast/ast.dart:3618:21)
[anno_types_error] 2024-11-17T13:32:12.138129 #24     GeneralizingAstVisitor.visitNode (package:analyzer/dart/ast/visitor.dart:552:10)
[anno_types_error] 2024-11-17T13:32:12.138129 #25     LinterVisitor.visitNode (package:custom_lint_core/src/node_lint_visitor.g.dart:814:11)
[anno_types_error] 2024-11-17T13:32:12.138129 #26     GeneralizingAstVisitor.visitCompilationUnit (package:analyzer/dart/ast/visitor.dart:227:52)
[anno_types_error] 2024-11-17T13:32:12.138129 #27     LinterVisitor.visitCompilationUnit (package:custom_lint_core/src/node_lint_visitor.g.dart:220:11)
[anno_types_error] 2024-11-17T13:32:12.138129 #28     CompilationUnitImpl.accept (package:analyzer/src/dart/ast/ast.dart:3611:50)
[anno_types_error] 2024-11-17T13:32:12.138129 #29     DartLintRule.startUp.<anonymous closure> (package:custom_lint_core/src/lint_rule.dart:136:17)
[anno_types_error] 2024-11-17T13:32:12.138129 #30     _rootRun (dart:async/zone.dart:1399:13)
[anno_types_error] 2024-11-17T13:32:12.138129 #31     _CustomZone.run (dart:async/zone.dart:1301:19)
[anno_types_error] 2024-11-17T13:32:12.138129 #32     _CustomZone.bindCallback.<anonymous closure> (dart:async/zone.dart:1233:23)
[anno_types_error] 2024-11-17T13:32:12.138129 #33     runPostRunCallbacks (package:custom_lint_core/src/plugin_base.dart:16:19)
[anno_types_error] 2024-11-17T13:32:12.138129 #34     _ClientAnalyzerPlugin.analyzeFile.<anonymous closure> (package:custom_lint_builder/src/client.dart:920:7)
[anno_types_error] 2024-11-17T13:32:12.138129 <asynchronous suspension>
[anno_types_error] 2024-11-17T13:32:12.138129 #35     _ClientAnalyzerPlugin._runOperation (package:custom_lint_builder/src/client.dart:1071:14)
[anno_types_error] 2024-11-17T13:32:12.138129 <asynchronous suspension>
[anno_types_error] 2024-11-17T13:32:12.138129 #36     _ClientAnalyzerPlugin.analyzeFile (package:custom_lint_builder/src/client.dart:884:5)
[anno_types_error] 2024-11-17T13:32:12.138129 <asynchronous suspension>
[anno_types_error] 2024-11-17T13:32:12.138129 #37     ServerPlugin.analyzeFiles (package:analyzer_plugin/plugin/plugin.dart:111:7)
[anno_types_error] 2024-11-17T13:32:12.138129 <asynchronous suspension>
[anno_types_error] 2024-11-17T13:32:12.138129 #38     ServerPlugin.handleAffectedFiles (package:analyzer_plugin/plugin/plugin.dart:211:5)
[anno_types_error] 2024-11-17T13:32:12.138129 <asynchronous suspension>
[anno_types_error] 2024-11-17T13:32:12.138129 #39     ServerPlugin.contentChanged.<anonymous closure> (package:analyzer_plugin/plugin/plugin.dart:141:9)
[anno_types_error] 2024-11-17T13:32:12.138129 <asynchronous suspension>
[anno_types_error] 2024-11-17T13:32:12.138129 #40     ServerPlugin._forAnalysisContexts (package:analyzer_plugin/plugin/plugin.dart:510:9)
[anno_types_error] 2024-11-17T13:32:12.138129 <asynchronous suspension>
[anno_types_error] 2024-11-17T13:32:12.138129 #41     ServerPlugin.contentChanged (package:analyzer_plugin/plugin/plugin.dart:136:7)
[anno_types_error] 2024-11-17T13:32:12.138129 <asynchronous suspension>
[anno_types_error] 2024-11-17T13:32:12.138129 #42     ServerPlugin.handleAnalysisUpdateContent (package:analyzer_plugin/plugin/plugin.dart:353:5)
[anno_types_error] 2024-11-17T13:32:12.138129 <asynchronous suspension>
[anno_types_error] 2024-11-17T13:32:12.138129 #43     ServerPlugin._getResponse (package:analyzer_plugin/plugin/plugin.dart:548:18)
[anno_types_error] 2024-11-17T13:32:12.138129 <asynchronous suspension>
[anno_types_error] 2024-11-17T13:32:12.138129 #44     ServerPlugin._onRequest (package:analyzer_plugin/plugin/plugin.dart:599:18)
[anno_types_error] 2024-11-17T13:32:12.138129 <asynchronous suspension>
[anno_types_error] 2024-11-17T13:32:12.138129
[anno_types_error] 2024-11-17T13:32:12.144156 Plugin anno_types_error threw while analyzing C:\flutterprojects\danno_script\danno_script\lib\main.dart:
[anno_types_error] 2024-11-17T13:32:12.144156 Bad state: No element
[anno_types_error] 2024-11-17T13:32:12.144156 #0      _Array.last (dart:core-patch/array.dart:57:5)
[anno_types_error] 2024-11-17T13:32:12.144156 #1      DannoScriptLintsDiscoveryLab.run.<anonymous closure> (package:danno_script_lints/lint_rules/danno_script_lints_discovery_lab.dart:3940:18)
[anno_types_error] 2024-11-17T13:32:12.144156 #2      _rootRunUnary (dart:async/zone.dart:1415:13)
[anno_types_error] 2024-11-17T13:32:12.144156 #3      _CustomZone.runUnary (dart:async/zone.dart:1308:19)
[anno_types_error] 2024-11-17T13:32:12.144156 #4      LinterVisitor._runSubscriptions (package:custom_lint_core/src/node_lint_visitor.g.dart:29:27)
[anno_types_error] 2024-11-17T13:32:12.144156 #5      LinterVisitor.visitMethodInvocation (package:custom_lint_core/src/node_lint_visitor.g.dart:759:5)
[anno_types_error] 2024-11-17T13:32:12.144156 #6      MethodInvocationImpl.accept (package:analyzer/src/dart/ast/ast.dart:11874:50)
[anno_types_error] 2024-11-17T13:32:12.144156 #7      ExpressionStatementImpl.visitChildren (package:analyzer/src/dart/ast/ast.dart:6194:17)
[anno_types_error] 2024-11-17T13:32:12.144156 #8      GeneralizingAstVisitor.visitNode (package:analyzer/dart/ast/visitor.dart:552:10)
[anno_types_error] 2024-11-17T13:32:12.144156 #9      LinterVisitor.visitNode (package:custom_lint_core/src/node_lint_visitor.g.dart:814:11)
[anno_types_error] 2024-11-17T13:32:12.144156 #10     GeneralizingAstVisitor.visitStatement (package:analyzer/dart/ast/visitor.dart:697:40)
[anno_types_error] 2024-11-17T13:32:12.144156 #11     LinterVisitor.visitStatement (package:custom_lint_core/src/node_lint_visitor.g.dart:1065:11)
[anno_types_error] 2024-11-17T13:32:12.144156 #12     GeneralizingAstVisitor.visitExpressionStatement (package:analyzer/dart/ast/visitor.dart:320:60)
[anno_types_error] 2024-11-17T13:32:12.144156 #13     LinterVisitor.visitExpressionStatement (package:custom_lint_core/src/node_lint_visitor.g.dart:394:11)
[anno_types_error] 2024-11-17T13:32:12.144156 #14     ExpressionStatementImpl.accept (package:analyzer/src/dart/ast/ast.dart:6190:50)
[anno_types_error] 2024-11-17T13:32:12.144156 #15     NodeListImpl.accept (package:analyzer/src/dart/ast/ast.dart:12587:20)
[anno_types_error] 2024-11-17T13:32:12.144156 #16     BlockImpl.visitChildren (package:analyzer/src/dart/ast/ast.dart:2091:17)
[anno_types_error] 2024-11-17T13:32:12.144156 #17     GeneralizingAstVisitor.visitNode (package:analyzer/dart/ast/visitor.dart:552:10)
[anno_types_error] 2024-11-17T13:32:12.144156 #18     LinterVisitor.visitNode (package:custom_lint_core/src/node_lint_visitor.g.dart:814:11)
[anno_types_error] 2024-11-17T13:32:12.144156 #19     GeneralizingAstVisitor.visitStatement (package:analyzer/dart/ast/visitor.dart:697:40)
[anno_types_error] 2024-11-17T13:32:12.144156 #20     LinterVisitor.visitStatement (package:custom_lint_core/src/node_lint_visitor.g.dart:1065:11)
[anno_types_error] 2024-11-17T13:32:12.144156 #21     GeneralizingAstVisitor.visitBlock (package:analyzer/dart/ast/visitor.dart:181:32)
[anno_types_error] 2024-11-17T13:32:12.144156 #22     LinterVisitor.visitBlock (package:custom_lint_core/src/node_lint_visitor.g.dart:124:11)
[anno_types_error] 2024-11-17T13:32:12.144156 #23     BlockImpl.accept (package:analyzer/src/dart/ast/ast.dart:2087:50)
[anno_types_error] 2024-11-17T13:32:12.144156 #24     BlockFunctionBodyImpl.visitChildren (package:analyzer/src/dart/ast/ast.dart:2047:12)
[anno_types_error] 2024-11-17T13:32:12.144156 #25     GeneralizingAstVisitor.visitNode (package:analyzer/dart/ast/visitor.dart:552:10)
[anno_types_error] 2024-11-17T13:32:12.144156 #26     LinterVisitor.visitNode (package:custom_lint_core/src/node_lint_visitor.g.dart:814:11)
[anno_types_error] 2024-11-17T13:32:12.144156 #27     GeneralizingAstVisitor.visitFunctionBody (package:analyzer/dart/ast/visitor.dart:384:46)
[anno_types_error] 2024-11-17T13:32:12.144156 #28     LinterVisitor.visitFunctionBody (package:custom_lint_core/src/node_lint_visitor.g.dart:514:11)
[anno_types_error] 2024-11-17T13:32:12.144156 #29     GeneralizingAstVisitor.visitBlockFunctionBody (package:analyzer/dart/ast/visitor.dart:184:56)
[anno_types_error] 2024-11-17T13:32:12.144156 #30     LinterVisitor.visitBlockFunctionBody (package:custom_lint_core/src/node_lint_visitor.g.dart:130:11)
[anno_types_error] 2024-11-17T13:32:12.144156 #31     BlockFunctionBodyImpl.accept (package:analyzer/src/dart/ast/ast.dart:2039:50)
[anno_types_error] 2024-11-17T13:32:12.144156 #32     MethodDeclarationImpl.visitChildren (package:analyzer/src/dart/ast/ast.dart:11697:10)
[anno_types_error] 2024-11-17T13:32:12.144156 #33     GeneralizingAstVisitor.visitNode (package:analyzer/dart/ast/visitor.dart:552:10)
[anno_types_error] 2024-11-17T13:32:12.144156 #34     LinterVisitor.visitNode (package:custom_lint_core/src/node_lint_visitor.g.dart:814:11)
[anno_types_error] 2024-11-17T13:32:12.144156 #35     GeneralizingAstVisitor.visitAnnotatedNode (package:analyzer/dart/ast/visitor.dart:137:48)
[anno_types_error] 2024-11-17T13:32:12.144156 #36     LinterVisitor.visitAnnotatedNode (package:custom_lint_core/src/node_lint_visitor.g.dart:46:11)
[anno_types_error] 2024-11-17T13:32:12.144156 #37     GeneralizingAstVisitor.visitDeclaration (package:analyzer/dart/ast/visitor.dart:268:44)
[anno_types_error] 2024-11-17T13:32:12.144156 #38     LinterVisitor.visitDeclaration (package:custom_lint_core/src/node_lint_visitor.g.dart:298:11)
[anno_types_error] 2024-11-17T13:32:12.144156 #39     GeneralizingAstVisitor.visitClassMember (package:analyzer/dart/ast/visitor.dart:211:44)
[anno_types_error] 2024-11-17T13:32:12.144156 #40     LinterVisitor.visitClassMember (package:custom_lint_core/src/node_lint_visitor.g.dart:184:11)
[anno_types_error] 2024-11-17T13:32:12.144156 #41     GeneralizingAstVisitor.visitMethodDeclaration (package:analyzer/dart/ast/visitor.dart:516:56)
[anno_types_error] 2024-11-17T13:32:12.144156 #42     LinterVisitor.visitMethodDeclaration (package:custom_lint_core/src/node_lint_visitor.g.dart:754:11)
[anno_types_error] 2024-11-17T13:32:12.144156 #43     MethodDeclarationImpl.accept (package:analyzer/src/dart/ast/ast.dart:11689:50)
[anno_types_error] 2024-11-17T13:32:12.144156 #44     NodeListImpl.accept (package:analyzer/src/dart/ast/ast.dart:12587:20)
[anno_types_error] 2024-11-17T13:32:12.144156 #45     ClassDeclarationImpl.visitChildren (package:analyzer/src/dart/ast/ast.dart:2954:13)
[anno_types_error] 2024-11-17T13:32:12.144156 #46     GeneralizingAstVisitor.visitNode (package:analyzer/dart/ast/visitor.dart:552:10)
[anno_types_error] 2024-11-17T13:32:12.144156 #47     LinterVisitor.visitNode (package:custom_lint_core/src/node_lint_visitor.g.dart:814:11)
[anno_types_error] 2024-11-17T13:32:12.144156 #48     GeneralizingAstVisitor.visitAnnotatedNode (package:analyzer/dart/ast/visitor.dart:137:48)
[anno_types_error] 2024-11-17T13:32:12.144156 #49     LinterVisitor.visitAnnotatedNode (package:custom_lint_core/src/node_lint_visitor.g.dart:46:11)
[anno_types_error] 2024-11-17T13:32:12.144156 #50     GeneralizingAstVisitor.visitDeclaration (package:analyzer/dart/ast/visitor.dart:268:44)
[anno_types_error] 2024-11-17T13:32:12.144156 #51     LinterVisitor.visitDeclaration (package:custom_lint_core/src/node_lint_visitor.g.dart:298:11)
[anno_types_error] 2024-11-17T13:32:12.144156 #52     GeneralizingAstVisitor.visitCompilationUnitMember (package:analyzer/dart/ast/visitor.dart:230:7)
[anno_types_error] 2024-11-17T13:32:12.144156 #53     LinterVisitor.visitCompilationUnitMember (package:custom_lint_core/src/node_lint_visitor.g.dart:226:11)
[anno_types_error] 2024-11-17T13:32:12.144156 #54     GeneralizingAstVisitor.visitNamedCompilationUnitMember (package:analyzer/dart/ast/visitor.dart:533:7)
[anno_types_error] 2024-11-17T13:32:12.144156 #55     LinterVisitor.visitNamedCompilationUnitMember (package:custom_lint_core/src/node_lint_visitor.g.dart:778:11)
[anno_types_error] 2024-11-17T13:32:12.144156 #56     GeneralizingAstVisitor.visitClassDeclaration (package:analyzer/dart/ast/visitor.dart:209:7)
[anno_types_error] 2024-11-17T13:32:12.144156 #57     LinterVisitor.visitClassDeclaration (package:custom_lint_core/src/node_lint_visitor.g.dart:178:11)
[anno_types_error] 2024-11-17T13:32:12.144156 #58     ClassDeclarationImpl.accept (package:analyzer/src/dart/ast/ast.dart:2944:50)
[anno_types_error] 2024-11-17T13:32:12.144156 #59     NodeListImpl.accept (package:analyzer/src/dart/ast/ast.dart:12587:20)
[anno_types_error] 2024-11-17T13:32:12.144156 #60     CompilationUnitImpl.visitChildren (package:analyzer/src/dart/ast/ast.dart:3618:21)
[anno_types_error] 2024-11-17T13:32:12.144156 #61     GeneralizingAstVisitor.visitNode (package:analyzer/dart/ast/visitor.dart:552:10)
[anno_types_error] 2024-11-17T13:32:12.144156 #62     LinterVisitor.visitNode (package:custom_lint_core/src/node_lint_visitor.g.dart:814:11)
[anno_types_error] 2024-11-17T13:32:12.144156 #63     GeneralizingAstVisitor.visitCompilationUnit (package:analyzer/dart/ast/visitor.dart:227:52)
[anno_types_error] 2024-11-17T13:32:12.144156 #64     LinterVisitor.visitCompilationUnit (package:custom_lint_core/src/node_lint_visitor.g.dart:220:11)
[anno_types_error] 2024-11-17T13:32:12.144156 #65     CompilationUnitImpl.accept (package:analyzer/src/dart/ast/ast.dart:3611:50)
[anno_types_error] 2024-11-17T13:32:12.144156 #66     DartLintRule.startUp.<anonymous closure> (package:custom_lint_core/src/lint_rule.dart:136:17)
[anno_types_error] 2024-11-17T13:32:12.144156 #67     _rootRun (dart:async/zone.dart:1399:13)
[anno_types_error] 2024-11-17T13:32:12.144156 #68     _CustomZone.run (dart:async/zone.dart:1301:19)
[anno_types_error] 2024-11-17T13:32:12.144156 #69     _CustomZone.bindCallback.<anonymous closure> (dart:async/zone.dart:1233:23)
[anno_types_error] 2024-11-17T13:32:12.144156 #70     runPostRunCallbacks (package:custom_lint_core/src/plugin_base.dart:16:19)
[anno_types_error] 2024-11-17T13:32:12.144156 #71     _ClientAnalyzerPlugin.analyzeFile.<anonymous closure> (package:custom_lint_builder/src/client.dart:920:7)
[anno_types_error] 2024-11-17T13:32:12.144156 <asynchronous suspension>
[anno_types_error] 2024-11-17T13:32:12.144156 #72     _ClientAnalyzerPlugin._runOperation (package:custom_lint_builder/src/client.dart:1071:14)
[anno_types_error] 2024-11-17T13:32:12.144156 <asynchronous suspension>
[anno_types_error] 2024-11-17T13:32:12.144156 #73     _ClientAnalyzerPlugin.analyzeFile (package:custom_lint_builder/src/client.dart:884:5)
[anno_types_error] 2024-11-17T13:32:12.144156 <asynchronous suspension>
[anno_types_error] 2024-11-17T13:32:12.144156 #74     ServerPlugin.analyzeFiles (package:analyzer_plugin/plugin/plugin.dart:111:7)
[anno_types_error] 2024-11-17T13:32:12.144156 <asynchronous suspension>
[anno_types_error] 2024-11-17T13:32:12.144156 #75     ServerPlugin.handleAffectedFiles (package:analyzer_plugin/plugin/plugin.dart:211:5)
[anno_types_error] 2024-11-17T13:32:12.144156 <asynchronous suspension>
[anno_types_error] 2024-11-17T13:32:12.144156 #76     ServerPlugin.contentChanged.<anonymous closure> (package:analyzer_plugin/plugin/plugin.dart:141:9)
[anno_types_error] 2024-11-17T13:32:12.144156 <asynchronous suspension>
[anno_types_error] 2024-11-17T13:32:12.144156 #77     ServerPlugin._forAnalysisContexts (package:analyzer_plugin/plugin/plugin.dart:510:9)
[anno_types_error] 2024-11-17T13:32:12.144156 <asynchronous suspension>
[anno_types_error] 2024-11-17T13:32:12.144156 #78     ServerPlugin.contentChanged (package:analyzer_plugin/plugin/plugin.dart:136:7)
[anno_types_error] 2024-11-17T13:32:12.144156 <asynchronous suspension>
[anno_types_error] 2024-11-17T13:32:12.144156 #79     ServerPlugin.handleAnalysisUpdateContent (package:analyzer_plugin/plugin/plugin.dart:353:5)
[anno_types_error] 2024-11-17T13:32:12.144156 <asynchronous suspension>
[anno_types_error] 2024-11-17T13:32:12.144156 #80     ServerPlugin._getResponse (package:analyzer_plugin/plugin/plugin.dart:548:18)
[anno_types_error] 2024-11-17T13:32:12.144156 <asynchronous suspension>
[anno_types_error] 2024-11-17T13:32:12.144156 #81     ServerPlugin._onRequest (package:analyzer_plugin/plugin/plugin.dart:599:18)
[anno_types_error] 2024-11-17T13:32:12.144156 <asynchronous suspension>
[anno_types_error] 2024-11-17T13:32:12.144156
[anno_types_error] 2024-11-17T13:32:12.191827 Plugin anno_types_error threw while analyzing C:\flutterprojects\danno_script\danno_script\lib\main.dart:
[anno_types_error] 2024-11-17T13:32:12.191827 Bad state: No element
[anno_types_error] 2024-11-17T13:32:12.191827 #0      List.first (dart:core-patch/growable_array.dart:344:5)
[anno_types_error] 2024-11-17T13:32:12.191827 #1      DannoScriptLintsDiscoveryLab.run.<anonymous closure> (package:danno_script_lints/lint_rules/danno_script_lints_discovery_lab.dart:4128:55)
[anno_types_error] 2024-11-17T13:32:12.191827 #2      _rootRunUnary (dart:async/zone.dart:1415:13)
[anno_types_error] 2024-11-17T13:32:12.191827 #3      _CustomZone.runUnary (dart:async/zone.dart:1308:19)
[anno_types_error] 2024-11-17T13:32:12.191827 #4      LinterVisitor._runSubscriptions (package:custom_lint_core/src/node_lint_visitor.g.dart:29:27)
[anno_types_error] 2024-11-17T13:32:12.191827 #5      LinterVisitor.visitMethodDeclaration (package:custom_lint_core/src/node_lint_visitor.g.dart:753:5)
[anno_types_error] 2024-11-17T13:32:12.191827 #6      MethodDeclarationImpl.accept (package:analyzer/src/dart/ast/ast.dart:11689:50)
[anno_types_error] 2024-11-17T13:32:12.191827 #7      NodeListImpl.accept (package:analyzer/src/dart/ast/ast.dart:12587:20)
[anno_types_error] 2024-11-17T13:32:12.191827 #8      ClassDeclarationImpl.visitChildren (package:analyzer/src/dart/ast/ast.dart:2954:13)
[anno_types_error] 2024-11-17T13:32:12.191827 #9      GeneralizingAstVisitor.visitNode (package:analyzer/dart/ast/visitor.dart:552:10)
[anno_types_error] 2024-11-17T13:32:12.191827 #10     LinterVisitor.visitNode (package:custom_lint_core/src/node_lint_visitor.g.dart:814:11)
[anno_types_error] 2024-11-17T13:32:12.191827 #11     GeneralizingAstVisitor.visitAnnotatedNode (package:analyzer/dart/ast/visitor.dart:137:48)
[anno_types_error] 2024-11-17T13:32:12.191827 #12     LinterVisitor.visitAnnotatedNode (package:custom_lint_core/src/node_lint_visitor.g.dart:46:11)
[anno_types_error] 2024-11-17T13:32:12.191827 #13     GeneralizingAstVisitor.visitDeclaration (package:analyzer/dart/ast/visitor.dart:268:44)
[anno_types_error] 2024-11-17T13:32:12.191827 #14     LinterVisitor.visitDeclaration (package:custom_lint_core/src/node_lint_visitor.g.dart:298:11)
[anno_types_error] 2024-11-17T13:32:12.191827 #15     GeneralizingAstVisitor.visitCompilationUnitMember (package:analyzer/dart/ast/visitor.dart:230:7)
[anno_types_error] 2024-11-17T13:32:12.191827 #16     LinterVisitor.visitCompilationUnitMember (package:custom_lint_core/src/node_lint_visitor.g.dart:226:11)
[anno_types_error] 2024-11-17T13:32:12.191827 #17     GeneralizingAstVisitor.visitNamedCompilationUnitMember (package:analyzer/dart/ast/visitor.dart:533:7)
[anno_types_error] 2024-11-17T13:32:12.191827 #18     LinterVisitor.visitNamedCompilationUnitMember (package:custom_lint_core/src/node_lint_visitor.g.dart:778:11)
[anno_types_error] 2024-11-17T13:32:12.191827 #19     GeneralizingAstVisitor.visitClassDeclaration (package:analyzer/dart/ast/visitor.dart:209:7)
[anno_types_error] 2024-11-17T13:32:12.191827 #20     LinterVisitor.visitClassDeclaration (package:custom_lint_core/src/node_lint_visitor.g.dart:178:11)
[anno_types_error] 2024-11-17T13:32:12.191827 #21     ClassDeclarationImpl.accept (package:analyzer/src/dart/ast/ast.dart:2944:50)
[anno_types_error] 2024-11-17T13:32:12.191827 #22     NodeListImpl.accept (package:analyzer/src/dart/ast/ast.dart:12587:20)
[anno_types_error] 2024-11-17T13:32:12.191827 #23     CompilationUnitImpl.visitChildren (package:analyzer/src/dart/ast/ast.dart:3618:21)
[anno_types_error] 2024-11-17T13:32:12.191827 #24     GeneralizingAstVisitor.visitNode (package:analyzer/dart/ast/visitor.dart:552:10)
[anno_types_error] 2024-11-17T13:32:12.191827 #25     LinterVisitor.visitNode (package:custom_lint_core/src/node_lint_visitor.g.dart:814:11)
[anno_types_error] 2024-11-17T13:32:12.191827 #26     GeneralizingAstVisitor.visitCompilationUnit (package:analyzer/dart/ast/visitor.dart:227:52)
[anno_types_error] 2024-11-17T13:32:12.191827 #27     LinterVisitor.visitCompilationUnit (package:custom_lint_core/src/node_lint_visitor.g.dart:220:11)
[anno_types_error] 2024-11-17T13:32:12.191827 #28     CompilationUnitImpl.accept (package:analyzer/src/dart/ast/ast.dart:3611:50)
[anno_types_error] 2024-11-17T13:32:12.191827 #29     DartLintRule.startUp.<anonymous closure> (package:custom_lint_core/src/lint_rule.dart:136:17)
[anno_types_error] 2024-11-17T13:32:12.191827 #30     _rootRun (dart:async/zone.dart:1399:13)
[anno_types_error] 2024-11-17T13:32:12.191827 #31     _CustomZone.run (dart:async/zone.dart:1301:19)
[anno_types_error] 2024-11-17T13:32:12.191827 #32     _CustomZone.bindCallback.<anonymous closure> (dart:async/zone.dart:1233:23)
[anno_types_error] 2024-11-17T13:32:12.191827 #33     runPostRunCallbacks (package:custom_lint_core/src/plugin_base.dart:16:19)
[anno_types_error] 2024-11-17T13:32:12.191827 #34     _ClientAnalyzerPlugin.analyzeFile.<anonymous closure> (package:custom_lint_builder/src/client.dart:920:7)
[anno_types_error] 2024-11-17T13:32:12.191827 <asynchronous suspension>
[anno_types_error] 2024-11-17T13:32:12.191827 #35     _ClientAnalyzerPlugin._runOperation (package:custom_lint_builder/src/client.dart:1071:14)
[anno_types_error] 2024-11-17T13:32:12.191827 <asynchronous suspension>
[anno_types_error] 2024-11-17T13:32:12.191827 #36     _ClientAnalyzerPlugin.analyzeFile (package:custom_lint_builder/src/client.dart:884:5)
[anno_types_error] 2024-11-17T13:32:12.191827 <asynchronous suspension>
[anno_types_error] 2024-11-17T13:32:12.191827 #37     ServerPlugin.analyzeFiles (package:analyzer_plugin/plugin/plugin.dart:111:7)
[anno_types_error] 2024-11-17T13:32:12.191827 <asynchronous suspension>
[anno_types_error] 2024-11-17T13:32:12.191827 #38     ServerPlugin.handleAffectedFiles (package:analyzer_plugin/plugin/plugin.dart:211:5)
[anno_types_error] 2024-11-17T13:32:12.191827 <asynchronous suspension>
[anno_types_error] 2024-11-17T13:32:12.191827 #39     ServerPlugin.contentChanged.<anonymous closure> (package:analyzer_plugin/plugin/plugin.dart:141:9)
[anno_types_error] 2024-11-17T13:32:12.191827 <asynchronous suspension>
[anno_types_error] 2024-11-17T13:32:12.191827 #40     ServerPlugin._forAnalysisContexts (package:analyzer_plugin/plugin/plugin.dart:510:9)
[anno_types_error] 2024-11-17T13:32:12.191827 <asynchronous suspension>
[anno_types_error] 2024-11-17T13:32:12.191827 #41     ServerPlugin.contentChanged (package:analyzer_plugin/plugin/plugin.dart:136:7)
[anno_types_error] 2024-11-17T13:32:12.191827 <asynchronous suspension>
[anno_types_error] 2024-11-17T13:32:12.191827 #42     ServerPlugin.handleAnalysisUpdateContent (package:analyzer_plugin/plugin/plugin.dart:353:5)
[anno_types_error] 2024-11-17T13:32:12.191827 <asynchronous suspension>
[anno_types_error] 2024-11-17T13:32:12.191827 #43     ServerPlugin._getResponse (package:analyzer_plugin/plugin/plugin.dart:548:18)
[anno_types_error] 2024-11-17T13:32:12.191827 <asynchronous suspension>
[anno_types_error] 2024-11-17T13:32:12.191827 #44     ServerPlugin._onRequest (package:analyzer_plugin/plugin/plugin.dart:599:18)
[anno_types_error] 2024-11-17T13:32:12.191827 <asynchronous suspension>
[anno_types_error] 2024-11-17T13:32:12.191827
[anno_types_error] 2024-11-17T13:32:12.256609 Plugin anno_types_error threw while analyzing C:\flutterprojects\danno_script\danno_script\lib\main.dart:
[anno_types_error] 2024-11-17T13:32:12.256609 Bad state: No element
[anno_types_error] 2024-11-17T13:32:12.256609 #0      _Array.last (dart:core-patch/array.dart:57:5)
[anno_types_error] 2024-11-17T13:32:12.256609 #1      DannoScriptLintsDiscoveryLab.run.<anonymous closure> (package:danno_script_lints/lint_rules/danno_script_lints_discovery_lab.dart:3940:18)
[anno_types_error] 2024-11-17T13:32:12.256609 #2      _rootRunUnary (dart:async/zone.dart:1415:13)
[anno_types_error] 2024-11-17T13:32:12.256609 #3      _CustomZone.runUnary (dart:async/zone.dart:1308:19)
[anno_types_error] 2024-11-17T13:32:12.256609 #4      LinterVisitor._runSubscriptions (package:custom_lint_core/src/node_lint_visitor.g.dart:29:27)
[anno_types_error] 2024-11-17T13:32:12.256609 #5      LinterVisitor.visitMethodInvocation (package:custom_lint_core/src/node_lint_visitor.g.dart:759:5)
[anno_types_error] 2024-11-17T13:32:12.256609 #6      MethodInvocationImpl.accept (package:analyzer/src/dart/ast/ast.dart:11874:50)
[anno_types_error] 2024-11-17T13:32:12.256609 #7      ExpressionStatementImpl.visitChildren (package:analyzer/src/dart/ast/ast.dart:6194:17)
[anno_types_error] 2024-11-17T13:32:12.256609 #8      GeneralizingAstVisitor.visitNode (package:analyzer/dart/ast/visitor.dart:552:10)
[anno_types_error] 2024-11-17T13:32:12.256609 #9      LinterVisitor.visitNode (package:custom_lint_core/src/node_lint_visitor.g.dart:814:11)
[anno_types_error] 2024-11-17T13:32:12.256609 #10     GeneralizingAstVisitor.visitStatement (package:analyzer/dart/ast/visitor.dart:697:40)
[anno_types_error] 2024-11-17T13:32:12.256609 #11     LinterVisitor.visitStatement (package:custom_lint_core/src/node_lint_visitor.g.dart:1065:11)
[anno_types_error] 2024-11-17T13:32:12.256609 #12     GeneralizingAstVisitor.visitExpressionStatement (package:analyzer/dart/ast/visitor.dart:320:60)
[anno_types_error] 2024-11-17T13:32:12.256609 #13     LinterVisitor.visitExpressionStatement (package:custom_lint_core/src/node_lint_visitor.g.dart:394:11)
[anno_types_error] 2024-11-17T13:32:12.256609 #14     ExpressionStatementImpl.accept (package:analyzer/src/dart/ast/ast.dart:6190:50)
[anno_types_error] 2024-11-17T13:32:12.256609 #15     NodeListImpl.accept (package:analyzer/src/dart/ast/ast.dart:12587:20)
[anno_types_error] 2024-11-17T13:32:12.256609 #16     BlockImpl.visitChildren (package:analyzer/src/dart/ast/ast.dart:2091:17)
[anno_types_error] 2024-11-17T13:32:12.256609 #17     GeneralizingAstVisitor.visitNode (package:analyzer/dart/ast/visitor.dart:552:10)
[anno_types_error] 2024-11-17T13:32:12.256609 #18     LinterVisitor.visitNode (package:custom_lint_core/src/node_lint_visitor.g.dart:814:11)
[anno_types_error] 2024-11-17T13:32:12.256609 #19     GeneralizingAstVisitor.visitStatement (package:analyzer/dart/ast/visitor.dart:697:40)
[anno_types_error] 2024-11-17T13:32:12.256609 #20     LinterVisitor.visitStatement (package:custom_lint_core/src/node_lint_visitor.g.dart:1065:11)
[anno_types_error] 2024-11-17T13:32:12.256609 #21     GeneralizingAstVisitor.visitBlock (package:analyzer/dart/ast/visitor.dart:181:32)
[anno_types_error] 2024-11-17T13:32:12.256609 #22     LinterVisitor.visitBlock (package:custom_lint_core/src/node_lint_visitor.g.dart:124:11)
[anno_types_error] 2024-11-17T13:32:12.256609 #23     BlockImpl.accept (package:analyzer/src/dart/ast/ast.dart:2087:50)
[anno_types_error] 2024-11-17T13:32:12.256609 #24     BlockFunctionBodyImpl.visitChildren (package:analyzer/src/dart/ast/ast.dart:2047:12)
[anno_types_error] 2024-11-17T13:32:12.256609 #25     GeneralizingAstVisitor.visitNode (package:analyzer/dart/ast/visitor.dart:552:10)
[anno_types_error] 2024-11-17T13:32:12.256609 #26     LinterVisitor.visitNode (package:custom_lint_core/src/node_lint_visitor.g.dart:814:11)
[anno_types_error] 2024-11-17T13:32:12.256609 #27     GeneralizingAstVisitor.visitFunctionBody (package:analyzer/dart/ast/visitor.dart:384:46)
[anno_types_error] 2024-11-17T13:32:12.256609 #28     LinterVisitor.visitFunctionBody (package:custom_lint_core/src/node_lint_visitor.g.dart:514:11)
[anno_types_error] 2024-11-17T13:32:12.256609 #29     GeneralizingAstVisitor.visitBlockFunctionBody (package:analyzer/dart/ast/visitor.dart:184:56)
[anno_types_error] 2024-11-17T13:32:12.256609 #30     LinterVisitor.visitBlockFunctionBody (package:custom_lint_core/src/node_lint_visitor.g.dart:130:11)
[anno_types_error] 2024-11-17T13:32:12.256609 #31     BlockFunctionBodyImpl.accept (package:analyzer/src/dart/ast/ast.dart:2039:50)
[anno_types_error] 2024-11-17T13:32:12.256609 #32     MethodDeclarationImpl.visitChildren (package:analyzer/src/dart/ast/ast.dart:11697:10)
[anno_types_error] 2024-11-17T13:32:12.256609 #33     GeneralizingAstVisitor.visitNode (package:analyzer/dart/ast/visitor.dart:552:10)
[anno_types_error] 2024-11-17T13:32:12.256609 #34     LinterVisitor.visitNode (package:custom_lint_core/src/node_lint_visitor.g.dart:814:11)
[anno_types_error] 2024-11-17T13:32:12.256609 #35     GeneralizingAstVisitor.visitAnnotatedNode (package:analyzer/dart/ast/visitor.dart:137:48)
[anno_types_error] 2024-11-17T13:32:12.256609 #36     LinterVisitor.visitAnnotatedNode (package:custom_lint_core/src/node_lint_visitor.g.dart:46:11)
[anno_types_error] 2024-11-17T13:32:12.256609 #37     GeneralizingAstVisitor.visitDeclaration (package:analyzer/dart/ast/visitor.dart:268:44)
[anno_types_error] 2024-11-17T13:32:12.256609 #38     LinterVisitor.visitDeclaration (package:custom_lint_core/src/node_lint_visitor.g.dart:298:11)
[anno_types_error] 2024-11-17T13:32:12.256609 #39     GeneralizingAstVisitor.visitClassMember (package:analyzer/dart/ast/visitor.dart:211:44)
[anno_types_error] 2024-11-17T13:32:12.256609 #40     LinterVisitor.visitClassMember (package:custom_lint_core/src/node_lint_visitor.g.dart:184:11)
[anno_types_error] 2024-11-17T13:32:12.256609 #41     GeneralizingAstVisitor.visitMethodDeclaration (package:analyzer/dart/ast/visitor.dart:516:56)
[anno_types_error] 2024-11-17T13:32:12.256609 #42     LinterVisitor.visitMethodDeclaration (package:custom_lint_core/src/node_lint_visitor.g.dart:754:11)
[anno_types_error] 2024-11-17T13:32:12.256609 #43     MethodDeclarationImpl.accept (package:analyzer/src/dart/ast/ast.dart:11689:50)
[anno_types_error] 2024-11-17T13:32:12.256609 #44     NodeListImpl.accept (package:analyzer/src/dart/ast/ast.dart:12587:20)
[anno_types_error] 2024-11-17T13:32:12.256609 #45     ClassDeclarationImpl.visitChildren (package:analyzer/src/dart/ast/ast.dart:2954:13)
[anno_types_error] 2024-11-17T13:32:12.256609 #46     GeneralizingAstVisitor.visitNode (package:analyzer/dart/ast/visitor.dart:552:10)
[anno_types_error] 2024-11-17T13:32:12.256609 #47     LinterVisitor.visitNode (package:custom_lint_core/src/node_lint_visitor.g.dart:814:11)
[anno_types_error] 2024-11-17T13:32:12.256609 #48     GeneralizingAstVisitor.visitAnnotatedNode (package:analyzer/dart/ast/visitor.dart:137:48)
[anno_types_error] 2024-11-17T13:32:12.256609 #49     LinterVisitor.visitAnnotatedNode (package:custom_lint_core/src/node_lint_visitor.g.dart:46:11)
[anno_types_error] 2024-11-17T13:32:12.256609 #50     GeneralizingAstVisitor.visitDeclaration (package:analyzer/dart/ast/visitor.dart:268:44)
[anno_types_error] 2024-11-17T13:32:12.256609 #51     LinterVisitor.visitDeclaration (package:custom_lint_core/src/node_lint_visitor.g.dart:298:11)
[anno_types_error] 2024-11-17T13:32:12.256609 #52     GeneralizingAstVisitor.visitCompilationUnitMember (package:analyzer/dart/ast/visitor.dart:230:7)
[anno_types_error] 2024-11-17T13:32:12.256609 #53     LinterVisitor.visitCompilationUnitMember (package:custom_lint_core/src/node_lint_visitor.g.dart:226:11)
[anno_types_error] 2024-11-17T13:32:12.256609 #54     GeneralizingAstVisitor.visitNamedCompilationUnitMember (package:analyzer/dart/ast/visitor.dart:533:7)
[anno_types_error] 2024-11-17T13:32:12.256609 #55     LinterVisitor.visitNamedCompilationUnitMember (package:custom_lint_core/src/node_lint_visitor.g.dart:778:11)
[anno_types_error] 2024-11-17T13:32:12.256609 #56     GeneralizingAstVisitor.visitClassDeclaration (package:analyzer/dart/ast/visitor.dart:209:7)
[anno_types_error] 2024-11-17T13:32:12.256609 #57     LinterVisitor.visitClassDeclaration (package:custom_lint_core/src/node_lint_visitor.g.dart:178:11)
[anno_types_error] 2024-11-17T13:32:12.256609 #58     ClassDeclarationImpl.accept (package:analyzer/src/dart/ast/ast.dart:2944:50)
[anno_types_error] 2024-11-17T13:32:12.256609 #59     NodeListImpl.accept (package:analyzer/src/dart/ast/ast.dart:12587:20)
[anno_types_error] 2024-11-17T13:32:12.256609 #60     CompilationUnitImpl.visitChildren (package:analyzer/src/dart/ast/ast.dart:3618:21)
[anno_types_error] 2024-11-17T13:32:12.256609 #61     GeneralizingAstVisitor.visitNode (package:analyzer/dart/ast/visitor.dart:552:10)
[anno_types_error] 2024-11-17T13:32:12.256609 #62     LinterVisitor.visitNode (package:custom_lint_core/src/node_lint_visitor.g.dart:814:11)
[anno_types_error] 2024-11-17T13:32:12.256609 #63     GeneralizingAstVisitor.visitCompilationUnit (package:analyzer/dart/ast/visitor.dart:227:52)
[anno_types_error] 2024-11-17T13:32:12.256609 #64     LinterVisitor.visitCompilationUnit (package:custom_lint_core/src/node_lint_visitor.g.dart:220:11)
[anno_types_error] 2024-11-17T13:32:12.256609 #65     CompilationUnitImpl.accept (package:analyzer/src/dart/ast/ast.dart:3611:50)
[anno_types_error] 2024-11-17T13:32:12.256609 #66     DartLintRule.startUp.<anonymous closure> (package:custom_lint_core/src/lint_rule.dart:136:17)
[anno_types_error] 2024-11-17T13:32:12.256609 #67     _rootRun (dart:async/zone.dart:1399:13)
[anno_types_error] 2024-11-17T13:32:12.256609 #68     _CustomZone.run (dart:async/zone.dart:1301:19)
[anno_types_error] 2024-11-17T13:32:12.256609 #69     _CustomZone.bindCallback.<anonymous closure> (dart:async/zone.dart:1233:23)
[anno_types_error] 2024-11-17T13:32:12.256609 #70     runPostRunCallbacks (package:custom_lint_core/src/plugin_base.dart:16:19)
[anno_types_error] 2024-11-17T13:32:12.256609 #71     _ClientAnalyzerPlugin.analyzeFile.<anonymous closure> (package:custom_lint_builder/src/client.dart:920:7)
[anno_types_error] 2024-11-17T13:32:12.256609 <asynchronous suspension>
[anno_types_error] 2024-11-17T13:32:12.256609 #72     _ClientAnalyzerPlugin._runOperation (package:custom_lint_builder/src/client.dart:1071:14)
[anno_types_error] 2024-11-17T13:32:12.256609 <asynchronous suspension>
[anno_types_error] 2024-11-17T13:32:12.256609 #73     _ClientAnalyzerPlugin.analyzeFile (package:custom_lint_builder/src/client.dart:884:5)
[anno_types_error] 2024-11-17T13:32:12.256609 <asynchronous suspension>
[anno_types_error] 2024-11-17T13:32:12.256609 #74     ServerPlugin.analyzeFiles (package:analyzer_plugin/plugin/plugin.dart:111:7)
[anno_types_error] 2024-11-17T13:32:12.256609 <asynchronous suspension>
[anno_types_error] 2024-11-17T13:32:12.256609 #75     ServerPlugin.handleAffectedFiles (package:analyzer_plugin/plugin/plugin.dart:211:5)
[anno_types_error] 2024-11-17T13:32:12.256609 <asynchronous suspension>
[anno_types_error] 2024-11-17T13:32:12.256609 #76     ServerPlugin.contentChanged.<anonymous closure> (package:analyzer_plugin/plugin/plugin.dart:141:9)
[anno_types_error] 2024-11-17T13:32:12.256609 <asynchronous suspension>
[anno_types_error] 2024-11-17T13:32:12.256609 #77     ServerPlugin._forAnalysisContexts (package:analyzer_plugin/plugin/plugin.dart:510:9)
[anno_types_error] 2024-11-17T13:32:12.256609 <asynchronous suspension>
[anno_types_error] 2024-11-17T13:32:12.256609 #78     ServerPlugin.contentChanged (package:analyzer_plugin/plugin/plugin.dart:136:7)
[anno_types_error] 2024-11-17T13:32:12.256609 <asynchronous suspension>
[anno_types_error] 2024-11-17T13:32:12.256609 #79     ServerPlugin.handleAnalysisUpdateContent (package:analyzer_plugin/plugin/plugin.dart:353:5)
[anno_types_error] 2024-11-17T13:32:12.256609 <asynchronous suspension>
[anno_types_error] 2024-11-17T13:32:12.256609 #80     ServerPlugin._getResponse (package:analyzer_plugin/plugin/plugin.dart:548:18)
[anno_types_error] 2024-11-17T13:32:12.256609 <asynchronous suspension>
[anno_types_error] 2024-11-17T13:32:12.256609 #81     ServerPlugin._onRequest (package:analyzer_plugin/plugin/plugin.dart:599:18)
[anno_types_error] 2024-11-17T13:32:12.256609 <asynchronous suspension>
[anno_types_error] 2024-11-17T13:32:12.256609
[anno_types_error] 2024-11-17T13:32:12.518776 Plugin anno_types_error threw while analyzing C:\flutterprojects\danno_script\danno_script\lib\main.dart:
[anno_types_error] 2024-11-17T13:32:12.518776 Bad state: No element
[anno_types_error] 2024-11-17T13:32:12.518776 #0      List.first (dart:core-patch/growable_array.dart:344:5)
[anno_types_error] 2024-11-17T13:32:12.518776 #1      DannoScriptLintsDiscoveryLab.run.<anonymous closure> (package:danno_script_lints/lint_rules/danno_script_lints_discovery_lab.dart:4128:55)
[anno_types_error] 2024-11-17T13:32:12.518776 #2      _rootRunUnary (dart:async/zone.dart:1415:13)
[anno_types_error] 2024-11-17T13:32:12.518776 #3      _CustomZone.runUnary (dart:async/zone.dart:1308:19)
[anno_types_error] 2024-11-17T13:32:12.518776 #4      LinterVisitor._runSubscriptions (package:custom_lint_core/src/node_lint_visitor.g.dart:29:27)
[anno_types_error] 2024-11-17T13:32:12.518776 #5      LinterVisitor.visitMethodDeclaration (package:custom_lint_core/src/node_lint_visitor.g.dart:753:5)
[anno_types_error] 2024-11-17T13:32:12.518776 #6      MethodDeclarationImpl.accept (package:analyzer/src/dart/ast/ast.dart:11689:50)
[anno_types_error] 2024-11-17T13:32:12.518776 #7      NodeListImpl.accept (package:analyzer/src/dart/ast/ast.dart:12587:20)
[anno_types_error] 2024-11-17T13:32:12.518776 #8      ClassDeclarationImpl.visitChildren (package:analyzer/src/dart/ast/ast.dart:2954:13)
[anno_types_error] 2024-11-17T13:32:12.518776 #9      GeneralizingAstVisitor.visitNode (package:analyzer/dart/ast/visitor.dart:552:10)
[anno_types_error] 2024-11-17T13:32:12.518776 #10     LinterVisitor.visitNode (package:custom_lint_core/src/node_lint_visitor.g.dart:814:11)
[anno_types_error] 2024-11-17T13:32:12.518776 #11     GeneralizingAstVisitor.visitAnnotatedNode (package:analyzer/dart/ast/visitor.dart:137:48)
[anno_types_error] 2024-11-17T13:32:12.518776 #12     LinterVisitor.visitAnnotatedNode (package:custom_lint_core/src/node_lint_visitor.g.dart:46:11)
[anno_types_error] 2024-11-17T13:32:12.518776 #13     GeneralizingAstVisitor.visitDeclaration (package:analyzer/dart/ast/visitor.dart:268:44)
[anno_types_error] 2024-11-17T13:32:12.518776 #14     LinterVisitor.visitDeclaration (package:custom_lint_core/src/node_lint_visitor.g.dart:298:11)
[anno_types_error] 2024-11-17T13:32:12.518776 #15     GeneralizingAstVisitor.visitCompilationUnitMember (package:analyzer/dart/ast/visitor.dart:230:7)
[anno_types_error] 2024-11-17T13:32:12.518776 #16     LinterVisitor.visitCompilationUnitMember (package:custom_lint_core/src/node_lint_visitor.g.dart:226:11)
[anno_types_error] 2024-11-17T13:32:12.518776 #17     GeneralizingAstVisitor.visitNamedCompilationUnitMember (package:analyzer/dart/ast/visitor.dart:533:7)
[anno_types_error] 2024-11-17T13:32:12.518776 #18     LinterVisitor.visitNamedCompilationUnitMember (package:custom_lint_core/src/node_lint_visitor.g.dart:778:11)
[anno_types_error] 2024-11-17T13:32:12.518776 #19     GeneralizingAstVisitor.visitClassDeclaration (package:analyzer/dart/ast/visitor.dart:209:7)
[anno_types_error] 2024-11-17T13:32:12.518776 #20     LinterVisitor.visitClassDeclaration (package:custom_lint_core/src/node_lint_visitor.g.dart:178:11)
[anno_types_error] 2024-11-17T13:32:12.518776 #21     ClassDeclarationImpl.accept (package:analyzer/src/dart/ast/ast.dart:2944:50)
[anno_types_error] 2024-11-17T13:32:12.518776 #22     NodeListImpl.accept (package:analyzer/src/dart/ast/ast.dart:12587:20)
[anno_types_error] 2024-11-17T13:32:12.518776 #23     CompilationUnitImpl.visitChildren (package:analyzer/src/dart/ast/ast.dart:3618:21)
[anno_types_error] 2024-11-17T13:32:12.518776 #24     GeneralizingAstVisitor.visitNode (package:analyzer/dart/ast/visitor.dart:552:10)
[anno_types_error] 2024-11-17T13:32:12.518776 #25     LinterVisitor.visitNode (package:custom_lint_core/src/node_lint_visitor.g.dart:814:11)
[anno_types_error] 2024-11-17T13:32:12.518776 #26     GeneralizingAstVisitor.visitCompilationUnit (package:analyzer/dart/ast/visitor.dart:227:52)
[anno_types_error] 2024-11-17T13:32:12.518776 #27     LinterVisitor.visitCompilationUnit (package:custom_lint_core/src/node_lint_visitor.g.dart:220:11)
[anno_types_error] 2024-11-17T13:32:12.518776 #28     CompilationUnitImpl.accept (package:analyzer/src/dart/ast/ast.dart:3611:50)
[anno_types_error] 2024-11-17T13:32:12.518776 #29     DartLintRule.startUp.<anonymous closure> (package:custom_lint_core/src/lint_rule.dart:136:17)
[anno_types_error] 2024-11-17T13:32:12.518776 #30     _rootRun (dart:async/zone.dart:1399:13)
[anno_types_error] 2024-11-17T13:32:12.518776 #31     _CustomZone.run (dart:async/zone.dart:1301:19)
[anno_types_error] 2024-11-17T13:32:12.518776 #32     _CustomZone.bindCallback.<anonymous closure> (dart:async/zone.dart:1233:23)
[anno_types_error] 2024-11-17T13:32:12.518776 #33     runPostRunCallbacks (package:custom_lint_core/src/plugin_base.dart:16:19)
[anno_types_error] 2024-11-17T13:32:12.518776 #34     _ClientAnalyzerPlugin.analyzeFile.<anonymous closure> (package:custom_lint_builder/src/client.dart:920:7)
[anno_types_error] 2024-11-17T13:32:12.518776 <asynchronous suspension>
[anno_types_error] 2024-11-17T13:32:12.518776 #35     _ClientAnalyzerPlugin._runOperation (package:custom_lint_builder/src/client.dart:1071:14)
[anno_types_error] 2024-11-17T13:32:12.518776 <asynchronous suspension>
[anno_types_error] 2024-11-17T13:32:12.518776 #36     _ClientAnalyzerPlugin.analyzeFile (package:custom_lint_builder/src/client.dart:884:5)
[anno_types_error] 2024-11-17T13:32:12.518776 <asynchronous suspension>
[anno_types_error] 2024-11-17T13:32:12.518776 #37     ServerPlugin.analyzeFiles (package:analyzer_plugin/plugin/plugin.dart:111:7)
[anno_types_error] 2024-11-17T13:32:12.518776 <asynchronous suspension>
[anno_types_error] 2024-11-17T13:32:12.518776 #38     ServerPlugin.handleAffectedFiles (package:analyzer_plugin/plugin/plugin.dart:211:5)
[anno_types_error] 2024-11-17T13:32:12.518776 <asynchronous suspension>
[anno_types_error] 2024-11-17T13:32:12.518776 #39     ServerPlugin.contentChanged.<anonymous closure> (package:analyzer_plugin/plugin/plugin.dart:141:9)
[anno_types_error] 2024-11-17T13:32:12.518776 <asynchronous suspension>
[anno_types_error] 2024-11-17T13:32:12.518776 #40     ServerPlugin._forAnalysisContexts (package:analyzer_plugin/plugin/plugin.dart:510:9)
[anno_types_error] 2024-11-17T13:32:12.518776 <asynchronous suspension>
[anno_types_error] 2024-11-17T13:32:12.518776 #41     ServerPlugin.contentChanged (package:analyzer_plugin/plugin/plugin.dart:136:7)
[anno_types_error] 2024-11-17T13:32:12.518776 <asynchronous suspension>
[anno_types_error] 2024-11-17T13:32:12.518776 #42     ServerPlugin.handleAnalysisUpdateContent (package:analyzer_plugin/plugin/plugin.dart:353:5)
[anno_types_error] 2024-11-17T13:32:12.518776 <asynchronous suspension>
[anno_types_error] 2024-11-17T13:32:12.518776 #43     ServerPlugin._getResponse (package:analyzer_plugin/plugin/plugin.dart:548:18)
[anno_types_error] 2024-11-17T13:32:12.518776 <asynchronous suspension>
[anno_types_error] 2024-11-17T13:32:12.518776 #44     ServerPlugin._onRequest (package:analyzer_plugin/plugin/plugin.dart:599:18)
[anno_types_error] 2024-11-17T13:32:12.518776 <asynchronous suspension>
[anno_types_error] 2024-11-17T13:32:12.518776
[anno_types_error] 2024-11-17T13:32:12.522784 Plugin anno_types_error threw while analyzing C:\flutterprojects\danno_script\danno_script\lib\main.dart:
[anno_types_error] 2024-11-17T13:32:12.522784 Bad state: No element
[anno_types_error] 2024-11-17T13:32:12.522784 #0      _Array.last (dart:core-patch/array.dart:57:5)
[anno_types_error] 2024-11-17T13:32:12.522784 #1      DannoScriptLintsDiscoveryLab.run.<anonymous closure> (package:danno_script_lints/lint_rules/danno_script_lints_discovery_lab.dart:3940:18)
[anno_types_error] 2024-11-17T13:32:12.522784 #2      _rootRunUnary (dart:async/zone.dart:1415:13)
[anno_types_error] 2024-11-17T13:32:12.522784 #3      _CustomZone.runUnary (dart:async/zone.dart:1308:19)
[anno_types_error] 2024-11-17T13:32:12.522784 #4      LinterVisitor._runSubscriptions (package:custom_lint_core/src/node_lint_visitor.g.dart:29:27)
[anno_types_error] 2024-11-17T13:32:12.522784 #5      LinterVisitor.visitMethodInvocation (package:custom_lint_core/src/node_lint_visitor.g.dart:759:5)
[anno_types_error] 2024-11-17T13:32:12.522784 #6      MethodInvocationImpl.accept (package:analyzer/src/dart/ast/ast.dart:11874:50)
[anno_types_error] 2024-11-17T13:32:12.522784 #7      ExpressionStatementImpl.visitChildren (package:analyzer/src/dart/ast/ast.dart:6194:17)
[anno_types_error] 2024-11-17T13:32:12.522784 #8      GeneralizingAstVisitor.visitNode (package:analyzer/dart/ast/visitor.dart:552:10)
[anno_types_error] 2024-11-17T13:32:12.522784 #9      LinterVisitor.visitNode (package:custom_lint_core/src/node_lint_visitor.g.dart:814:11)
[anno_types_error] 2024-11-17T13:32:12.522784 #10     GeneralizingAstVisitor.visitStatement (package:analyzer/dart/ast/visitor.dart:697:40)
[anno_types_error] 2024-11-17T13:32:12.522784 #11     LinterVisitor.visitStatement (package:custom_lint_core/src/node_lint_visitor.g.dart:1065:11)
[anno_types_error] 2024-11-17T13:32:12.522784 #12     GeneralizingAstVisitor.visitExpressionStatement (package:analyzer/dart/ast/visitor.dart:320:60)
[anno_types_error] 2024-11-17T13:32:12.522784 #13     LinterVisitor.visitExpressionStatement (package:custom_lint_core/src/node_lint_visitor.g.dart:394:11)
[anno_types_error] 2024-11-17T13:32:12.522784 #14     ExpressionStatementImpl.accept (package:analyzer/src/dart/ast/ast.dart:6190:50)
[anno_types_error] 2024-11-17T13:32:12.522784 #15     NodeListImpl.accept (package:analyzer/src/dart/ast/ast.dart:12587:20)
[anno_types_error] 2024-11-17T13:32:12.522784 #16     BlockImpl.visitChildren (package:analyzer/src/dart/ast/ast.dart:2091:17)
[anno_types_error] 2024-11-17T13:32:12.522784 #17     GeneralizingAstVisitor.visitNode (package:analyzer/dart/ast/visitor.dart:552:10)
[anno_types_error] 2024-11-17T13:32:12.522784 #18     LinterVisitor.visitNode (package:custom_lint_core/src/node_lint_visitor.g.dart:814:11)
[anno_types_error] 2024-11-17T13:32:12.522784 #19     GeneralizingAstVisitor.visitStatement (package:analyzer/dart/ast/visitor.dart:697:40)
[anno_types_error] 2024-11-17T13:32:12.522784 #20     LinterVisitor.visitStatement (package:custom_lint_core/src/node_lint_visitor.g.dart:1065:11)
[anno_types_error] 2024-11-17T13:32:12.522784 #21     GeneralizingAstVisitor.visitBlock (package:analyzer/dart/ast/visitor.dart:181:32)
[anno_types_error] 2024-11-17T13:32:12.522784 #22     LinterVisitor.visitBlock (package:custom_lint_core/src/node_lint_visitor.g.dart:124:11)
[anno_types_error] 2024-11-17T13:32:12.522784 #23     BlockImpl.accept (package:analyzer/src/dart/ast/ast.dart:2087:50)
[anno_types_error] 2024-11-17T13:32:12.522784 #24     BlockFunctionBodyImpl.visitChildren (package:analyzer/src/dart/ast/ast.dart:2047:12)
[anno_types_error] 2024-11-17T13:32:12.522784 #25     GeneralizingAstVisitor.visitNode (package:analyzer/dart/ast/visitor.dart:552:10)
[anno_types_error] 2024-11-17T13:32:12.522784 #26     LinterVisitor.visitNode (package:custom_lint_core/src/node_lint_visitor.g.dart:814:11)
[anno_types_error] 2024-11-17T13:32:12.522784 #27     GeneralizingAstVisitor.visitFunctionBody (package:analyzer/dart/ast/visitor.dart:384:46)
[anno_types_error] 2024-11-17T13:32:12.522784 #28     LinterVisitor.visitFunctionBody (package:custom_lint_core/src/node_lint_visitor.g.dart:514:11)
[anno_types_error] 2024-11-17T13:32:12.522784 #29     GeneralizingAstVisitor.visitBlockFunctionBody (package:analyzer/dart/ast/visitor.dart:184:56)
[anno_types_error] 2024-11-17T13:32:12.522784 #30     LinterVisitor.visitBlockFunctionBody (package:custom_lint_core/src/node_lint_visitor.g.dart:130:11)
[anno_types_error] 2024-11-17T13:32:12.522784 #31     BlockFunctionBodyImpl.accept (package:analyzer/src/dart/ast/ast.dart:2039:50)
[anno_types_error] 2024-11-17T13:32:12.522784 #32     MethodDeclarationImpl.visitChildren (package:analyzer/src/dart/ast/ast.dart:11697:10)
[anno_types_error] 2024-11-17T13:32:12.522784 #33     GeneralizingAstVisitor.visitNode (package:analyzer/dart/ast/visitor.dart:552:10)
[anno_types_error] 2024-11-17T13:32:12.522784 #34     LinterVisitor.visitNode (package:custom_lint_core/src/node_lint_visitor.g.dart:814:11)
[anno_types_error] 2024-11-17T13:32:12.522784 #35     GeneralizingAstVisitor.visitAnnotatedNode (package:analyzer/dart/ast/visitor.dart:137:48)
[anno_types_error] 2024-11-17T13:32:12.522784 #36     LinterVisitor.visitAnnotatedNode (package:custom_lint_core/src/node_lint_visitor.g.dart:46:11)
[anno_types_error] 2024-11-17T13:32:12.522784 #37     GeneralizingAstVisitor.visitDeclaration (package:analyzer/dart/ast/visitor.dart:268:44)
[anno_types_error] 2024-11-17T13:32:12.522784 #38     LinterVisitor.visitDeclaration (package:custom_lint_core/src/node_lint_visitor.g.dart:298:11)
[anno_types_error] 2024-11-17T13:32:12.522784 #39     GeneralizingAstVisitor.visitClassMember (package:analyzer/dart/ast/visitor.dart:211:44)
[anno_types_error] 2024-11-17T13:32:12.522784 #40     LinterVisitor.visitClassMember (package:custom_lint_core/src/node_lint_visitor.g.dart:184:11)
[anno_types_error] 2024-11-17T13:32:12.522784 #41     GeneralizingAstVisitor.visitMethodDeclaration (package:analyzer/dart/ast/visitor.dart:516:56)
[anno_types_error] 2024-11-17T13:32:12.522784 #42     LinterVisitor.visitMethodDeclaration (package:custom_lint_core/src/node_lint_visitor.g.dart:754:11)
[anno_types_error] 2024-11-17T13:32:12.522784 #43     MethodDeclarationImpl.accept (package:analyzer/src/dart/ast/ast.dart:11689:50)
[anno_types_error] 2024-11-17T13:32:12.522784 #44     NodeListImpl.accept (package:analyzer/src/dart/ast/ast.dart:12587:20)
[anno_types_error] 2024-11-17T13:32:12.522784 #45     ClassDeclarationImpl.visitChildren (package:analyzer/src/dart/ast/ast.dart:2954:13)
[anno_types_error] 2024-11-17T13:32:12.522784 #46     GeneralizingAstVisitor.visitNode (package:analyzer/dart/ast/visitor.dart:552:10)
[anno_types_error] 2024-11-17T13:32:12.522784 #47     LinterVisitor.visitNode (package:custom_lint_core/src/node_lint_visitor.g.dart:814:11)
[anno_types_error] 2024-11-17T13:32:12.522784 #48     GeneralizingAstVisitor.visitAnnotatedNode (package:analyzer/dart/ast/visitor.dart:137:48)
[anno_types_error] 2024-11-17T13:32:12.522784 #49     LinterVisitor.visitAnnotatedNode (package:custom_lint_core/src/node_lint_visitor.g.dart:46:11)
[anno_types_error] 2024-11-17T13:32:12.522784 #50     GeneralizingAstVisitor.visitDeclaration (package:analyzer/dart/ast/visitor.dart:268:44)
[anno_types_error] 2024-11-17T13:32:12.522784 #51     LinterVisitor.visitDeclaration (package:custom_lint_core/src/node_lint_visitor.g.dart:298:11)
[anno_types_error] 2024-11-17T13:32:12.522784 #52     GeneralizingAstVisitor.visitCompilationUnitMember (package:analyzer/dart/ast/visitor.dart:230:7)
[anno_types_error] 2024-11-17T13:32:12.522784 #53     LinterVisitor.visitCompilationUnitMember (package:custom_lint_core/src/node_lint_visitor.g.dart:226:11)
[anno_types_error] 2024-11-17T13:32:12.522784 #54     GeneralizingAstVisitor.visitNamedCompilationUnitMember (package:analyzer/dart/ast/visitor.dart:533:7)
[anno_types_error] 2024-11-17T13:32:12.522784 #55     LinterVisitor.visitNamedCompilationUnitMember (package:custom_lint_core/src/node_lint_visitor.g.dart:778:11)
[anno_types_error] 2024-11-17T13:32:12.522784 #56     GeneralizingAstVisitor.visitClassDeclaration (package:analyzer/dart/ast/visitor.dart:209:7)
[anno_types_error] 2024-11-17T13:32:12.522784 #57     LinterVisitor.visitClassDeclaration (package:custom_lint_core/src/node_lint_visitor.g.dart:178:11)
[anno_types_error] 2024-11-17T13:32:12.522784 #58     ClassDeclarationImpl.accept (package:analyzer/src/dart/ast/ast.dart:2944:50)
[anno_types_error] 2024-11-17T13:32:12.522784 #59     NodeListImpl.accept (package:analyzer/src/dart/ast/ast.dart:12587:20)
[anno_types_error] 2024-11-17T13:32:12.522784 #60     CompilationUnitImpl.visitChildren (package:analyzer/src/dart/ast/ast.dart:3618:21)
[anno_types_error] 2024-11-17T13:32:12.522784 #61     GeneralizingAstVisitor.visitNode (package:analyzer/dart/ast/visitor.dart:552:10)
[anno_types_error] 2024-11-17T13:32:12.522784 #62     LinterVisitor.visitNode (package:custom_lint_core/src/node_lint_visitor.g.dart:814:11)
[anno_types_error] 2024-11-17T13:32:12.522784 #63     GeneralizingAstVisitor.visitCompilationUnit (package:analyzer/dart/ast/visitor.dart:227:52)
[anno_types_error] 2024-11-17T13:32:12.522784 #64     LinterVisitor.visitCompilationUnit (package:custom_lint_core/src/node_lint_visitor.g.dart:220:11)
[anno_types_error] 2024-11-17T13:32:12.522784 #65     CompilationUnitImpl.accept (package:analyzer/src/dart/ast/ast.dart:3611:50)
[anno_types_error] 2024-11-17T13:32:12.522784 #66     DartLintRule.startUp.<anonymous closure> (package:custom_lint_core/src/lint_rule.dart:136:17)
[anno_types_error] 2024-11-17T13:32:12.522784 #67     _rootRun (dart:async/zone.dart:1399:13)
[anno_types_error] 2024-11-17T13:32:12.522784 #68     _CustomZone.run (dart:async/zone.dart:1301:19)
[anno_types_error] 2024-11-17T13:32:12.522784 #69     _CustomZone.bindCallback.<anonymous closure> (dart:async/zone.dart:1233:23)
[anno_types_error] 2024-11-17T13:32:12.522784 #70     runPostRunCallbacks (package:custom_lint_core/src/plugin_base.dart:16:19)
[anno_types_error] 2024-11-17T13:32:12.522784 #71     _ClientAnalyzerPlugin.analyzeFile.<anonymous closure> (package:custom_lint_builder/src/client.dart:920:7)
[anno_types_error] 2024-11-17T13:32:12.522784 <asynchronous suspension>
[anno_types_error] 2024-11-17T13:32:12.522784 #72     _ClientAnalyzerPlugin._runOperation (package:custom_lint_builder/src/client.dart:1071:14)
[anno_types_error] 2024-11-17T13:32:12.522784 <asynchronous suspension>
[anno_types_error] 2024-11-17T13:32:12.522784 #73     _ClientAnalyzerPlugin.analyzeFile (package:custom_lint_builder/src/client.dart:884:5)
[anno_types_error] 2024-11-17T13:32:12.522784 <asynchronous suspension>
[anno_types_error] 2024-11-17T13:32:12.522784 #74     ServerPlugin.analyzeFiles (package:analyzer_plugin/plugin/plugin.dart:111:7)
[anno_types_error] 2024-11-17T13:32:12.522784 <asynchronous suspension>
[anno_types_error] 2024-11-17T13:32:12.522784 #75     ServerPlugin.handleAffectedFiles (package:analyzer_plugin/plugin/plugin.dart:211:5)
[anno_types_error] 2024-11-17T13:32:12.522784 <asynchronous suspension>
[anno_types_error] 2024-11-17T13:32:12.522784 #76     ServerPlugin.contentChanged.<anonymous closure> (package:analyzer_plugin/plugin/plugin.dart:141:9)
[anno_types_error] 2024-11-17T13:32:12.522784 <asynchronous suspension>
[anno_types_error] 2024-11-17T13:32:12.522784 #77     ServerPlugin._forAnalysisContexts (package:analyzer_plugin/plugin/plugin.dart:510:9)
[anno_types_error] 2024-11-17T13:32:12.522784 <asynchronous suspension>
[anno_types_error] 2024-11-17T13:32:12.522784 #78     ServerPlugin.contentChanged (package:analyzer_plugin/plugin/plugin.dart:136:7)
[anno_types_error] 2024-11-17T13:32:12.522784 <asynchronous suspension>
[anno_types_error] 2024-11-17T13:32:12.522784 #79     ServerPlugin.handleAnalysisUpdateContent (package:analyzer_plugin/plugin/plugin.dart:353:5)
[anno_types_error] 2024-11-17T13:32:12.522784 <asynchronous suspension>
[anno_types_error] 2024-11-17T13:32:12.522784 #80     ServerPlugin._getResponse (package:analyzer_plugin/plugin/plugin.dart:548:18)
[anno_types_error] 2024-11-17T13:32:12.522784 <asynchronous suspension>
[anno_types_error] 2024-11-17T13:32:12.522784 #81     ServerPlugin._onRequest (package:analyzer_plugin/plugin/plugin.dart:599:18)
[anno_types_error] 2024-11-17T13:32:12.522784 <asynchronous suspension>
[anno_types_error] 2024-11-17T13:32:12.522784
[anno_types_error] 2024-11-17T13:32:12.555438 Plugin anno_types_error threw while analyzing C:\flutterprojects\danno_script\danno_script\lib\main.dart:
[anno_types_error] 2024-11-17T13:32:12.555438 Bad state: No element
[anno_types_error] 2024-11-17T13:32:12.555438 #0      List.first (dart:core-patch/growable_array.dart:344:5)
[anno_types_error] 2024-11-17T13:32:12.555438 #1      DannoScriptLintsDiscoveryLab.run.<anonymous closure> (package:danno_script_lints/lint_rules/danno_script_lints_discovery_lab.dart:4128:55)
[anno_types_error] 2024-11-17T13:32:12.555438 #2      _rootRunUnary (dart:async/zone.dart:1415:13)
[anno_types_error] 2024-11-17T13:32:12.555438 #3      _CustomZone.runUnary (dart:async/zone.dart:1308:19)
[anno_types_error] 2024-11-17T13:32:12.555438 #4      LinterVisitor._runSubscriptions (package:custom_lint_core/src/node_lint_visitor.g.dart:29:27)
[anno_types_error] 2024-11-17T13:32:12.555438 #5      LinterVisitor.visitMethodDeclaration (package:custom_lint_core/src/node_lint_visitor.g.dart:753:5)
[anno_types_error] 2024-11-17T13:32:12.555438 #6      MethodDeclarationImpl.accept (package:analyzer/src/dart/ast/ast.dart:11689:50)
[anno_types_error] 2024-11-17T13:32:12.555438 #7      NodeListImpl.accept (package:analyzer/src/dart/ast/ast.dart:12587:20)
[anno_types_error] 2024-11-17T13:32:12.555438 #8      ClassDeclarationImpl.visitChildren (package:analyzer/src/dart/ast/ast.dart:2954:13)
[anno_types_error] 2024-11-17T13:32:12.555438 #9      GeneralizingAstVisitor.visitNode (package:analyzer/dart/ast/visitor.dart:552:10)
[anno_types_error] 2024-11-17T13:32:12.555438 #10     LinterVisitor.visitNode (package:custom_lint_core/src/node_lint_visitor.g.dart:814:11)
[anno_types_error] 2024-11-17T13:32:12.555438 #11     GeneralizingAstVisitor.visitAnnotatedNode (package:analyzer/dart/ast/visitor.dart:137:48)
[anno_types_error] 2024-11-17T13:32:12.555438 #12     LinterVisitor.visitAnnotatedNode (package:custom_lint_core/src/node_lint_visitor.g.dart:46:11)
[anno_types_error] 2024-11-17T13:32:12.555438 #13     GeneralizingAstVisitor.visitDeclaration (package:analyzer/dart/ast/visitor.dart:268:44)
[anno_types_error] 2024-11-17T13:32:12.555438 #14     LinterVisitor.visitDeclaration (package:custom_lint_core/src/node_lint_visitor.g.dart:298:11)
[anno_types_error] 2024-11-17T13:32:12.555438 #15     GeneralizingAstVisitor.visitCompilationUnitMember (package:analyzer/dart/ast/visitor.dart:230:7)
[anno_types_error] 2024-11-17T13:32:12.555438 #16     LinterVisitor.visitCompilationUnitMember (package:custom_lint_core/src/node_lint_visitor.g.dart:226:11)
[anno_types_error] 2024-11-17T13:32:12.555438 #17     GeneralizingAstVisitor.visitNamedCompilationUnitMember (package:analyzer/dart/ast/visitor.dart:533:7)
[anno_types_error] 2024-11-17T13:32:12.555438 #18     LinterVisitor.visitNamedCompilationUnitMember (package:custom_lint_core/src/node_lint_visitor.g.dart:778:11)
[anno_types_error] 2024-11-17T13:32:12.555438 #19     GeneralizingAstVisitor.visitClassDeclaration (package:analyzer/dart/ast/visitor.dart:209:7)
[anno_types_error] 2024-11-17T13:32:12.555438 #20     LinterVisitor.visitClassDeclaration (package:custom_lint_core/src/node_lint_visitor.g.dart:178:11)
[anno_types_error] 2024-11-17T13:32:12.555438 #21     ClassDeclarationImpl.accept (package:analyzer/src/dart/ast/ast.dart:2944:50)
[anno_types_error] 2024-11-17T13:32:12.555438 #22     NodeListImpl.accept (package:analyzer/src/dart/ast/ast.dart:12587:20)
[anno_types_error] 2024-11-17T13:32:12.555438 #23     CompilationUnitImpl.visitChildren (package:analyzer/src/dart/ast/ast.dart:3618:21)
[anno_types_error] 2024-11-17T13:32:12.555438 #24     GeneralizingAstVisitor.visitNode (package:analyzer/dart/ast/visitor.dart:552:10)
[anno_types_error] 2024-11-17T13:32:12.555438 #25     LinterVisitor.visitNode (package:custom_lint_core/src/node_lint_visitor.g.dart:814:11)
[anno_types_error] 2024-11-17T13:32:12.555438 #26     GeneralizingAstVisitor.visitCompilationUnit (package:analyzer/dart/ast/visitor.dart:227:52)
[anno_types_error] 2024-11-17T13:32:12.555438 #27     LinterVisitor.visitCompilationUnit (package:custom_lint_core/src/node_lint_visitor.g.dart:220:11)
[anno_types_error] 2024-11-17T13:32:12.555438 #28     CompilationUnitImpl.accept (package:analyzer/src/dart/ast/ast.dart:3611:50)
[anno_types_error] 2024-11-17T13:32:12.555438 #29     DartLintRule.startUp.<anonymous closure> (package:custom_lint_core/src/lint_rule.dart:136:17)
[anno_types_error] 2024-11-17T13:32:12.555438 #30     _rootRun (dart:async/zone.dart:1399:13)
[anno_types_error] 2024-11-17T13:32:12.555438 #31     _CustomZone.run (dart:async/zone.dart:1301:19)
[anno_types_error] 2024-11-17T13:32:12.555438 #32     _CustomZone.bindCallback.<anonymous closure> (dart:async/zone.dart:1233:23)
[anno_types_error] 2024-11-17T13:32:12.555438 #33     runPostRunCallbacks (package:custom_lint_core/src/plugin_base.dart:16:19)
[anno_types_error] 2024-11-17T13:32:12.555438 #34     _ClientAnalyzerPlugin.analyzeFile.<anonymous closure> (package:custom_lint_builder/src/client.dart:920:7)
[anno_types_error] 2024-11-17T13:32:12.555438 <asynchronous suspension>
[anno_types_error] 2024-11-17T13:32:12.555438 #35     _ClientAnalyzerPlugin._runOperation (package:custom_lint_builder/src/client.dart:1071:14)
[anno_types_error] 2024-11-17T13:32:12.555438 <asynchronous suspension>
[anno_types_error] 2024-11-17T13:32:12.555438 #36     _ClientAnalyzerPlugin.analyzeFile (package:custom_lint_builder/src/client.dart:884:5)
[anno_types_error] 2024-11-17T13:32:12.555438 <asynchronous suspension>
[anno_types_error] 2024-11-17T13:32:12.555438 #37     ServerPlugin.analyzeFiles (package:analyzer_plugin/plugin/plugin.dart:111:7)
[anno_types_error] 2024-11-17T13:32:12.555438 <asynchronous suspension>
[anno_types_error] 2024-11-17T13:32:12.555438 #38     ServerPlugin.handleAffectedFiles (package:analyzer_plugin/plugin/plugin.dart:211:5)
[anno_types_error] 2024-11-17T13:32:12.555438 <asynchronous suspension>
[anno_types_error] 2024-11-17T13:32:12.555438 #39     ServerPlugin.contentChanged.<anonymous closure> (package:analyzer_plugin/plugin/plugin.dart:141:9)
[anno_types_error] 2024-11-17T13:32:12.555438 <asynchronous suspension>
[anno_types_error] 2024-11-17T13:32:12.555438 #40     ServerPlugin._forAnalysisContexts (package:analyzer_plugin/plugin/plugin.dart:510:9)
[anno_types_error] 2024-11-17T13:32:12.555438 <asynchronous suspension>
[anno_types_error] 2024-11-17T13:32:12.555438 #41     ServerPlugin.contentChanged (package:analyzer_plugin/plugin/plugin.dart:136:7)
[anno_types_error] 2024-11-17T13:32:12.555438 <asynchronous suspension>
[anno_types_error] 2024-11-17T13:32:12.555438 #42     ServerPlugin.handleAnalysisUpdateContent (package:analyzer_plugin/plugin/plugin.dart:353:5)
[anno_types_error] 2024-11-17T13:32:12.555438 <asynchronous suspension>
[anno_types_error] 2024-11-17T13:32:12.555438 #43     ServerPlugin._getResponse (package:analyzer_plugin/plugin/plugin.dart:548:18)
[anno_types_error] 2024-11-17T13:32:12.555438 <asynchronous suspension>
[anno_types_error] 2024-11-17T13:32:12.555438 #44     ServerPlugin._onRequest (package:analyzer_plugin/plugin/plugin.dart:599:18)
[anno_types_error] 2024-11-17T13:32:12.555438 <asynchronous suspension>
[anno_types_error] 2024-11-17T13:32:12.555438
[anno_types_error] 2024-11-17T13:32:12.577510 Plugin anno_types_error threw while analyzing C:\flutterprojects\danno_script\danno_script\lib\main.dart:
[anno_types_error] 2024-11-17T13:32:12.577510 Bad state: No element
[anno_types_error] 2024-11-17T13:32:12.577510 #0      _Array.last (dart:core-patch/array.dart:57:5)
[anno_types_error] 2024-11-17T13:32:12.577510 #1      DannoScriptLintsDiscoveryLab.run.<anonymous closure> (package:danno_script_lints/lint_rules/danno_script_lints_discovery_lab.dart:3940:18)
[anno_types_error] 2024-11-17T13:32:12.577510 #2      _rootRunUnary (dart:async/zone.dart:1415:13)
[anno_types_error] 2024-11-17T13:32:12.577510 #3      _CustomZone.runUnary (dart:async/zone.dart:1308:19)
[anno_types_error] 2024-11-17T13:32:12.577510 #4      LinterVisitor._runSubscriptions (package:custom_lint_core/src/node_lint_visitor.g.dart:29:27)
[anno_types_error] 2024-11-17T13:32:12.577510 #5      LinterVisitor.visitMethodInvocation (package:custom_lint_core/src/node_lint_visitor.g.dart:759:5)
[anno_types_error] 2024-11-17T13:32:12.577510 #6      MethodInvocationImpl.accept (package:analyzer/src/dart/ast/ast.dart:11874:50)
[anno_types_error] 2024-11-17T13:32:12.577510 #7      ExpressionStatementImpl.visitChildren (package:analyzer/src/dart/ast/ast.dart:6194:17)
[anno_types_error] 2024-11-17T13:32:12.577510 #8      GeneralizingAstVisitor.visitNode (package:analyzer/dart/ast/visitor.dart:552:10)
[anno_types_error] 2024-11-17T13:32:12.577510 #9      LinterVisitor.visitNode (package:custom_lint_core/src/node_lint_visitor.g.dart:814:11)
[anno_types_error] 2024-11-17T13:32:12.577510 #10     GeneralizingAstVisitor.visitStatement (package:analyzer/dart/ast/visitor.dart:697:40)
[anno_types_error] 2024-11-17T13:32:12.577510 #11     LinterVisitor.visitStatement (package:custom_lint_core/src/node_lint_visitor.g.dart:1065:11)
[anno_types_error] 2024-11-17T13:32:12.577510 #12     GeneralizingAstVisitor.visitExpressionStatement (package:analyzer/dart/ast/visitor.dart:320:60)
[anno_types_error] 2024-11-17T13:32:12.577510 #13     LinterVisitor.visitExpressionStatement (package:custom_lint_core/src/node_lint_visitor.g.dart:394:11)
[anno_types_error] 2024-11-17T13:32:12.577510 #14     ExpressionStatementImpl.accept (package:analyzer/src/dart/ast/ast.dart:6190:50)
[anno_types_error] 2024-11-17T13:32:12.577510 #15     NodeListImpl.accept (package:analyzer/src/dart/ast/ast.dart:12587:20)
[anno_types_error] 2024-11-17T13:32:12.577510 #16     BlockImpl.visitChildren (package:analyzer/src/dart/ast/ast.dart:2091:17)
[anno_types_error] 2024-11-17T13:32:12.577510 #17     GeneralizingAstVisitor.visitNode (package:analyzer/dart/ast/visitor.dart:552:10)
[anno_types_error] 2024-11-17T13:32:12.577510 #18     LinterVisitor.visitNode (package:custom_lint_core/src/node_lint_visitor.g.dart:814:11)
[anno_types_error] 2024-11-17T13:32:12.577510 #19     GeneralizingAstVisitor.visitStatement (package:analyzer/dart/ast/visitor.dart:697:40)
[anno_types_error] 2024-11-17T13:32:12.577510 #20     LinterVisitor.visitStatement (package:custom_lint_core/src/node_lint_visitor.g.dart:1065:11)
[anno_types_error] 2024-11-17T13:32:12.577510 #21     GeneralizingAstVisitor.visitBlock (package:analyzer/dart/ast/visitor.dart:181:32)
[anno_types_error] 2024-11-17T13:32:12.577510 #22     LinterVisitor.visitBlock (package:custom_lint_core/src/node_lint_visitor.g.dart:124:11)
[anno_types_error] 2024-11-17T13:32:12.577510 #23     BlockImpl.accept (package:analyzer/src/dart/ast/ast.dart:2087:50)
[anno_types_error] 2024-11-17T13:32:12.577510 #24     BlockFunctionBodyImpl.visitChildren (package:analyzer/src/dart/ast/ast.dart:2047:12)
[anno_types_error] 2024-11-17T13:32:12.577510 #25     GeneralizingAstVisitor.visitNode (package:analyzer/dart/ast/visitor.dart:552:10)
[anno_types_error] 2024-11-17T13:32:12.577510 #26     LinterVisitor.visitNode (package:custom_lint_core/src/node_lint_visitor.g.dart:814:11)
[anno_types_error] 2024-11-17T13:32:12.577510 #27     GeneralizingAstVisitor.visitFunctionBody (package:analyzer/dart/ast/visitor.dart:384:46)
[anno_types_error] 2024-11-17T13:32:12.577510 #28     LinterVisitor.visitFunctionBody (package:custom_lint_core/src/node_lint_visitor.g.dart:514:11)
[anno_types_error] 2024-11-17T13:32:12.577510 #29     GeneralizingAstVisitor.visitBlockFunctionBody (package:analyzer/dart/ast/visitor.dart:184:56)
[anno_types_error] 2024-11-17T13:32:12.577510 #30     LinterVisitor.visitBlockFunctionBody (package:custom_lint_core/src/node_lint_visitor.g.dart:130:11)
[anno_types_error] 2024-11-17T13:32:12.577510 #31     BlockFunctionBodyImpl.accept (package:analyzer/src/dart/ast/ast.dart:2039:50)
[anno_types_error] 2024-11-17T13:32:12.577510 #32     MethodDeclarationImpl.visitChildren (package:analyzer/src/dart/ast/ast.dart:11697:10)
[anno_types_error] 2024-11-17T13:32:12.577510 #33     GeneralizingAstVisitor.visitNode (package:analyzer/dart/ast/visitor.dart:552:10)
[anno_types_error] 2024-11-17T13:32:12.577510 #34     LinterVisitor.visitNode (package:custom_lint_core/src/node_lint_visitor.g.dart:814:11)
[anno_types_error] 2024-11-17T13:32:12.577510 #35     GeneralizingAstVisitor.visitAnnotatedNode (package:analyzer/dart/ast/visitor.dart:137:48)
[anno_types_error] 2024-11-17T13:32:12.577510 #36     LinterVisitor.visitAnnotatedNode (package:custom_lint_core/src/node_lint_visitor.g.dart:46:11)
[anno_types_error] 2024-11-17T13:32:12.577510 #37     GeneralizingAstVisitor.visitDeclaration (package:analyzer/dart/ast/visitor.dart:268:44)
[anno_types_error] 2024-11-17T13:32:12.577510 #38     LinterVisitor.visitDeclaration (package:custom_lint_core/src/node_lint_visitor.g.dart:298:11)
[anno_types_error] 2024-11-17T13:32:12.577510 #39     GeneralizingAstVisitor.visitClassMember (package:analyzer/dart/ast/visitor.dart:211:44)
[anno_types_error] 2024-11-17T13:32:12.577510 #40     LinterVisitor.visitClassMember (package:custom_lint_core/src/node_lint_visitor.g.dart:184:11)
[anno_types_error] 2024-11-17T13:32:12.577510 #41     GeneralizingAstVisitor.visitMethodDeclaration (package:analyzer/dart/ast/visitor.dart:516:56)
[anno_types_error] 2024-11-17T13:32:12.577510 #42     LinterVisitor.visitMethodDeclaration (package:custom_lint_core/src/node_lint_visitor.g.dart:754:11)
[anno_types_error] 2024-11-17T13:32:12.577510 #43     MethodDeclarationImpl.accept (package:analyzer/src/dart/ast/ast.dart:11689:50)
[anno_types_error] 2024-11-17T13:32:12.577510 #44     NodeListImpl.accept (package:analyzer/src/dart/ast/ast.dart:12587:20)
[anno_types_error] 2024-11-17T13:32:12.577510 #45     ClassDeclarationImpl.visitChildren (package:analyzer/src/dart/ast/ast.dart:2954:13)
[anno_types_error] 2024-11-17T13:32:12.577510 #46     GeneralizingAstVisitor.visitNode (package:analyzer/dart/ast/visitor.dart:552:10)
[anno_types_error] 2024-11-17T13:32:12.577510 #47     LinterVisitor.visitNode (package:custom_lint_core/src/node_lint_visitor.g.dart:814:11)
[anno_types_error] 2024-11-17T13:32:12.577510 #48     GeneralizingAstVisitor.visitAnnotatedNode (package:analyzer/dart/ast/visitor.dart:137:48)
[anno_types_error] 2024-11-17T13:32:12.577510 #49     LinterVisitor.visitAnnotatedNode (package:custom_lint_core/src/node_lint_visitor.g.dart:46:11)
[anno_types_error] 2024-11-17T13:32:12.577510 #50     GeneralizingAstVisitor.visitDeclaration (package:analyzer/dart/ast/visitor.dart:268:44)
[anno_types_error] 2024-11-17T13:32:12.577510 #51     LinterVisitor.visitDeclaration (package:custom_lint_core/src/node_lint_visitor.g.dart:298:11)
[anno_types_error] 2024-11-17T13:32:12.577510 #52     GeneralizingAstVisitor.visitCompilationUnitMember (package:analyzer/dart/ast/visitor.dart:230:7)
[anno_types_error] 2024-11-17T13:32:12.577510 #53     LinterVisitor.visitCompilationUnitMember (package:custom_lint_core/src/node_lint_visitor.g.dart:226:11)
[anno_types_error] 2024-11-17T13:32:12.577510 #54     GeneralizingAstVisitor.visitNamedCompilationUnitMember (package:analyzer/dart/ast/visitor.dart:533:7)
[anno_types_error] 2024-11-17T13:32:12.577510 #55     LinterVisitor.visitNamedCompilationUnitMember (package:custom_lint_core/src/node_lint_visitor.g.dart:778:11)
[anno_types_error] 2024-11-17T13:32:12.577510 #56     GeneralizingAstVisitor.visitClassDeclaration (package:analyzer/dart/ast/visitor.dart:209:7)
[anno_types_error] 2024-11-17T13:32:12.577510 #57     LinterVisitor.visitClassDeclaration (package:custom_lint_core/src/node_lint_visitor.g.dart:178:11)
[anno_types_error] 2024-11-17T13:32:12.577510 #58     ClassDeclarationImpl.accept (package:analyzer/src/dart/ast/ast.dart:2944:50)
[anno_types_error] 2024-11-17T13:32:12.577510 #59     NodeListImpl.accept (package:analyzer/src/dart/ast/ast.dart:12587:20)
[anno_types_error] 2024-11-17T13:32:12.577510 #60     CompilationUnitImpl.visitChildren (package:analyzer/src/dart/ast/ast.dart:3618:21)
[anno_types_error] 2024-11-17T13:32:12.577510 #61     GeneralizingAstVisitor.visitNode (package:analyzer/dart/ast/visitor.dart:552:10)
[anno_types_error] 2024-11-17T13:32:12.577510 #62     LinterVisitor.visitNode (package:custom_lint_core/src/node_lint_visitor.g.dart:814:11)
[anno_types_error] 2024-11-17T13:32:12.577510 #63     GeneralizingAstVisitor.visitCompilationUnit (package:analyzer/dart/ast/visitor.dart:227:52)
[anno_types_error] 2024-11-17T13:32:12.577510 #64     LinterVisitor.visitCompilationUnit (package:custom_lint_core/src/node_lint_visitor.g.dart:220:11)
[anno_types_error] 2024-11-17T13:32:12.577510 #65     CompilationUnitImpl.accept (package:analyzer/src/dart/ast/ast.dart:3611:50)
[anno_types_error] 2024-11-17T13:32:12.577510 #66     DartLintRule.startUp.<anonymous closure> (package:custom_lint_core/src/lint_rule.dart:136:17)
[anno_types_error] 2024-11-17T13:32:12.577510 #67     _rootRun (dart:async/zone.dart:1399:13)
[anno_types_error] 2024-11-17T13:32:12.577510 #68     _CustomZone.run (dart:async/zone.dart:1301:19)
[anno_types_error] 2024-11-17T13:32:12.577510 #69     _CustomZone.bindCallback.<anonymous closure> (dart:async/zone.dart:1233:23)
[anno_types_error] 2024-11-17T13:32:12.577510 #70     runPostRunCallbacks (package:custom_lint_core/src/plugin_base.dart:16:19)
[anno_types_error] 2024-11-17T13:32:12.577510 #71     _ClientAnalyzerPlugin.analyzeFile.<anonymous closure> (package:custom_lint_builder/src/client.dart:920:7)
[anno_types_error] 2024-11-17T13:32:12.577510 <asynchronous suspension>
[anno_types_error] 2024-11-17T13:32:12.577510 #72     _ClientAnalyzerPlugin._runOperation (package:custom_lint_builder/src/client.dart:1071:14)
[anno_types_error] 2024-11-17T13:32:12.577510 <asynchronous suspension>
[anno_types_error] 2024-11-17T13:32:12.577510 #73     _ClientAnalyzerPlugin.analyzeFile (package:custom_lint_builder/src/client.dart:884:5)
[anno_types_error] 2024-11-17T13:32:12.577510 <asynchronous suspension>
[anno_types_error] 2024-11-17T13:32:12.577510 #74     ServerPlugin.analyzeFiles (package:analyzer_plugin/plugin/plugin.dart:111:7)
[anno_types_error] 2024-11-17T13:32:12.577510 <asynchronous suspension>
[anno_types_error] 2024-11-17T13:32:12.577510 #75     ServerPlugin.handleAffectedFiles (package:analyzer_plugin/plugin/plugin.dart:211:5)
[anno_types_error] 2024-11-17T13:32:12.577510 <asynchronous suspension>
[anno_types_error] 2024-11-17T13:32:12.577510 #76     ServerPlugin.contentChanged.<anonymous closure> (package:analyzer_plugin/plugin/plugin.dart:141:9)
[anno_types_error] 2024-11-17T13:32:12.577510 <asynchronous suspension>
[anno_types_error] 2024-11-17T13:32:12.577510 #77     ServerPlugin._forAnalysisContexts (package:analyzer_plugin/plugin/plugin.dart:510:9)
[anno_types_error] 2024-11-17T13:32:12.577510 <asynchronous suspension>
[anno_types_error] 2024-11-17T13:32:12.577510 #78     ServerPlugin.contentChanged (package:analyzer_plugin/plugin/plugin.dart:136:7)
[anno_types_error] 2024-11-17T13:32:12.577510 <asynchronous suspension>
[anno_types_error] 2024-11-17T13:32:12.577510 #79     ServerPlugin.handleAnalysisUpdateContent (package:analyzer_plugin/plugin/plugin.dart:353:5)
[anno_types_error] 2024-11-17T13:32:12.577510 <asynchronous suspension>
[anno_types_error] 2024-11-17T13:32:12.577510 #80     ServerPlugin._getResponse (package:analyzer_plugin/plugin/plugin.dart:548:18)
[anno_types_error] 2024-11-17T13:32:12.577510 <asynchronous suspension>
[anno_types_error] 2024-11-17T13:32:12.577510 #81     ServerPlugin._onRequest (package:analyzer_plugin/plugin/plugin.dart:599:18)
[anno_types_error] 2024-11-17T13:32:12.577510 <asynchronous suspension>
[anno_types_error] 2024-11-17T13:32:12.577510
